{"D:\\js_homeworks\\hw_tests\\clear_fun\\src\\js\\health.js": {"path":"D:\\js_homeworks\\hw_tests\\clear_fun\\src\\js\\health.js","statementMap":{"0":{"start":{"line":2,"column":4},"end":{"line":8,"column":24}},"1":{"start":{"line":3,"column":8},"end":{"line":7,"column":35}},"2":{"start":{"line":4,"column":12},"end":{"line":4,"column":28}},"3":{"start":{"line":5,"column":15},"end":{"line":7,"column":35}},"4":{"start":{"line":6,"column":12},"end":{"line":6,"column":29}},"5":{"start":{"line":7,"column":17},"end":{"line":7,"column":33}},"6":{"start":{"line":8,"column":13},"end":{"line":8,"column":22}}},"fnMap":{"0":{"name":"health","decl":{"start":{"line":1,"column":24},"end":{"line":1,"column":30}},"loc":{"start":{"line":1,"column":37},"end":{"line":9,"column":1}},"line":1}},"branchMap":{"0":{"loc":{"start":{"line":2,"column":4},"end":{"line":8,"column":24}},"type":"if","locations":[{"start":{"line":2,"column":4},"end":{"line":8,"column":24}},{"start":{"line":8,"column":11},"end":{"line":8,"column":24}}],"line":2},"1":{"loc":{"start":{"line":3,"column":8},"end":{"line":7,"column":35}},"type":"if","locations":[{"start":{"line":3,"column":8},"end":{"line":7,"column":35}},{"start":{"line":5,"column":15},"end":{"line":7,"column":35}}],"line":3},"2":{"loc":{"start":{"line":5,"column":15},"end":{"line":7,"column":35}},"type":"if","locations":[{"start":{"line":5,"column":15},"end":{"line":7,"column":35}},{"start":{"line":7,"column":15},"end":{"line":7,"column":35}}],"line":5}},"s":{"0":9,"1":7,"2":2,"3":5,"4":2,"5":3,"6":2},"f":{"0":9},"b":{"0":[7,2],"1":[2,5],"2":[2,3]},"_coverageSchema":"1a1c01bbd47fc00a2c39e90264f33305004495a9","hash":"1dea95a4678d2748afb0b28e5ad69f91cea1281b"}
}
